{
  "stats": {
    "suites": 1,
    "tests": 1,
    "passes": 0,
    "pending": 0,
    "failures": 1,
    "start": "2025-04-16T21:48:35.192Z",
    "end": "2025-04-16T21:48:39.203Z",
    "duration": 4011,
    "testsRegistered": 1,
    "passPercent": 0,
    "pendingPercent": 0,
    "other": 0,
    "hasOther": false,
    "skipped": 0,
    "hasSkipped": false
  },
  "results": [
    {
      "uuid": "169c55ce-6987-4df8-8a31-c69e6f053f31",
      "title": "",
      "fullFile": "cypress/e2e/tests/registerAndLogin.cy.js",
      "file": "cypress/e2e/tests/registerAndLogin.cy.js",
      "beforeHooks": [],
      "afterHooks": [],
      "tests": [],
      "suites": [
        {
          "uuid": "ba4b4d07-c1e5-48c2-8c24-a20a3fc7e82a",
          "title": "Registration and Login Flow",
          "fullFile": "",
          "file": "",
          "beforeHooks": [],
          "afterHooks": [],
          "tests": [
            {
              "title": "Registers a new user and logs in",
              "fullTitle": "Registration and Login Flow Registers a new user and logs in",
              "timedOut": null,
              "duration": 3984,
              "state": "failed",
              "speed": null,
              "pass": false,
              "fail": true,
              "pending": false,
              "context": "{\n  \"title\": \"cypress-mochawesome-reporter-screenshots\",\n  \"value\": [\n    [\n      \"/registerAndLogin.cy.js/Registration and Login Flow -- Registers a new user and logs in (failed).png\"\n    ]\n  ]\n}",
              "code": "cy.fixture('users').then(user => {\n  homePage.clickCreateAccount();\n  registerPage.enterFirstName(user.firstName);\n  registerPage.enterLastName(user.lastName);\n  registerPage.enterEmail(user.email);\n  registerPage.enterPassword(user.password);\n  registerPage.enterConfirmPassword(user.password);\n  registerPage.clickRegisterButton();\n  cy.contains('Thank you for registering').should('be.visible');\n  homePage.clickSignOut();\n  homePage.clickSignIn();\n  loginPage.enterEmail(user.email);\n  loginPage.enterPassword(user.password);\n  loginPage.clickLoginButton();\n  cy.contains(`Welcome, ${user.firstName}`).should('be.visible');\n});",
              "err": {
                "message": "Error: A fixture file could not be found at any of the following paths:\n\n    > cypress/fixtures/users\n    > cypress/fixtures/users.[ext]\n\nCypress looked for these file extensions at the provided path:\n\n    > .json, .js, .coffee, .html, .txt, .csv, .png, .jpg, .jpeg, .gif, .tif, .tiff, .zip\n\nProvide a path to an existing fixture file.",
                "estack": "Error: A fixture file could not be found at any of the following paths:\n\n    > cypress/fixtures/users\n    > cypress/fixtures/users.[ext]\n\nCypress looked for these file extensions at the provided path:\n\n    > .json, .js, .coffee, .html, .txt, .csv, .png, .jpg, .jpeg, .gif, .tif, .tiff, .zip\n\nProvide a path to an existing fixture file.\n    at Object.<anonymous> (<embedded>:2770:262370)\n    at Object.tryCatcher (/Users/anushkamir/Library/Caches/Cypress/14.3.0/Cypress.app/Contents/Resources/app/node_modules/bluebird/js/release/util.js:16:23)\n    at Promise._settlePromiseFromHandler (/Users/anushkamir/Library/Caches/Cypress/14.3.0/Cypress.app/Contents/Resources/app/node_modules/bluebird/js/release/promise.js:512:31)\n    at Promise._settlePromise (/Users/anushkamir/Library/Caches/Cypress/14.3.0/Cypress.app/Contents/Resources/app/node_modules/bluebird/js/release/promise.js:569:18)\n    at Promise._settlePromise0 (/Users/anushkamir/Library/Caches/Cypress/14.3.0/Cypress.app/Contents/Resources/app/node_modules/bluebird/js/release/promise.js:614:10)\n    at Promise._settlePromises (/Users/anushkamir/Library/Caches/Cypress/14.3.0/Cypress.app/Contents/Resources/app/node_modules/bluebird/js/release/promise.js:694:18)\n    at Promise._fulfill (/Users/anushkamir/Library/Caches/Cypress/14.3.0/Cypress.app/Contents/Resources/app/node_modules/bluebird/js/release/promise.js:638:18)\n    at <unknown> (/Users/anushkamir/Library/Caches/Cypress/14.3.0/Cypress.app/Contents/Resources/app/node_modules/bluebird/js/release/nodeback.js:42:21)\n    at s (<embedded>:227:141897)\n    at D.<anonymous> (<embedded>:2764:158671)\n    at D.emit (node:events:518:28)\n    at D._finish (<embedded>:2764:159601)\n    at i (<embedded>:2764:158992)\n    at D._processSimple2 (<embedded>:2764:164758)\n    at <unknown> (<embedded>:2764:164611)\n    at D._stat2 (<embedded>:2764:165676)\n    at <unknown> (<embedded>:2764:165523)\n    at s (<embedded>:1067:24225)\n    at s (<embedded>:227:141897)\n    at r (<embedded>:2886:13639)\n    at FSReqCallback.oncomplete (node:fs:197:21)",
                "diff": null
              },
              "uuid": "4ab1e3ef-0c53-4ebc-90cc-d0256def740a",
              "parentUUID": "ba4b4d07-c1e5-48c2-8c24-a20a3fc7e82a",
              "isHook": false,
              "skipped": false
            }
          ],
          "suites": [],
          "passes": [],
          "failures": [
            "4ab1e3ef-0c53-4ebc-90cc-d0256def740a"
          ],
          "pending": [],
          "skipped": [],
          "duration": 3984,
          "root": false,
          "rootEmpty": false,
          "_timeout": 2000
        }
      ],
      "passes": [],
      "failures": [],
      "pending": [],
      "skipped": [],
      "duration": 0,
      "root": true,
      "rootEmpty": true,
      "_timeout": 2000
    }
  ],
  "meta": {
    "mocha": {
      "version": "7.2.0"
    },
    "mochawesome": {
      "options": {
        "quiet": false,
        "reportFilename": "mochawesome",
        "saveHtml": true,
        "saveJson": true,
        "consoleReporter": "spec",
        "useInlineDiffs": false,
        "code": true
      },
      "version": "7.1.3"
    },
    "marge": {
      "options": {
        "reportDir": "cypress/reports",
        "overwrite": false,
        "html": true,
        "json": true
      },
      "version": "6.2.0"
    }
  }
}