{
  "stats": {
    "suites": 1,
    "tests": 1,
    "passes": 1,
    "pending": 0,
    "failures": 0,
    "start": "2025-04-16T22:02:09.516Z",
    "end": "2025-04-16T22:02:17.983Z",
    "duration": 8467,
    "testsRegistered": 1,
    "passPercent": 100,
    "pendingPercent": 0,
    "other": 0,
    "hasOther": false,
    "skipped": 0,
    "hasSkipped": false
  },
  "results": [
    {
      "uuid": "6028a1d0-d0b5-432e-8d42-a2dd0ec78636",
      "title": "",
      "fullFile": "cypress/e2e/tests/LoginPage.cy.js",
      "file": "cypress/e2e/tests/LoginPage.cy.js",
      "beforeHooks": [],
      "afterHooks": [],
      "tests": [],
      "suites": [
        {
          "uuid": "27224993-7ff5-4d4b-8c78-a0f1af716a8d",
          "title": "Test Case c :Sign In",
          "fullFile": "",
          "file": "",
          "beforeHooks": [],
          "afterHooks": [],
          "tests": [
            {
              "title": "should register a new user successfully",
              "fullTitle": "Test Case c :Sign In should register a new user successfully",
              "timedOut": null,
              "duration": 8461,
              "state": "passed",
              "speed": "medium",
              "pass": true,
              "fail": false,
              "pending": false,
              "context": null,
              "code": "cy.visit('/customer/account/login');\nloginPage.clickonsignInButton();\nloginPage.enterEmail(_registerData.default.email);\nloginPage.enterPassword(_registerData.default.password);\nloginPage.clickLoginButton();\n// loginPage.enterPassword\n// loginPage.clickLoginButton();\n//     // Validate that the login page is displayed\n//     cy.url().should('include', 'customer/account/login');\n//    loginPage.enterEmail\n//       loginPage.enterPassword\n//       loginPage.clickLoginButton();",
              "err": {},
              "uuid": "2b5ee150-e090-4e91-a0bf-733b8d2a0351",
              "parentUUID": "27224993-7ff5-4d4b-8c78-a0f1af716a8d",
              "isHook": false,
              "skipped": false
            }
          ],
          "suites": [],
          "passes": [
            "2b5ee150-e090-4e91-a0bf-733b8d2a0351"
          ],
          "failures": [],
          "pending": [],
          "skipped": [],
          "duration": 8461,
          "root": false,
          "rootEmpty": false,
          "_timeout": 2000
        }
      ],
      "passes": [],
      "failures": [],
      "pending": [],
      "skipped": [],
      "duration": 0,
      "root": true,
      "rootEmpty": true,
      "_timeout": 2000
    }
  ],
  "meta": {
    "mocha": {
      "version": "7.2.0"
    },
    "mochawesome": {
      "options": {
        "quiet": false,
        "reportFilename": "mochawesome",
        "saveHtml": true,
        "saveJson": true,
        "consoleReporter": "spec",
        "useInlineDiffs": false,
        "code": true
      },
      "version": "7.1.3"
    },
    "marge": {
      "options": {
        "reportDir": "cypress/reports",
        "overwrite": false,
        "html": true,
        "json": true
      },
      "version": "6.2.0"
    }
  }
}