{
  "stats": {
    "suites": 1,
    "tests": 1,
    "passes": 0,
    "pending": 0,
    "failures": 1,
    "start": "2025-04-16T21:47:56.898Z",
    "end": "2025-04-16T21:48:33.042Z",
    "duration": 36144,
    "testsRegistered": 1,
    "passPercent": 0,
    "pendingPercent": 0,
    "other": 0,
    "hasOther": false,
    "skipped": 0,
    "hasSkipped": false
  },
  "results": [
    {
      "uuid": "16cbee83-52f6-422b-a66b-5a5c8524bf48",
      "title": "",
      "fullFile": "cypress/e2e/tests/ProductPage.cy.js",
      "file": "cypress/e2e/tests/ProductPage.cy.js",
      "beforeHooks": [],
      "afterHooks": [],
      "tests": [],
      "suites": [
        {
          "uuid": "7e18bf26-7933-4b19-a7da-c77eec62898f",
          "title": "Test Case A: AddProduct and checkout ",
          "fullFile": "",
          "file": "",
          "beforeHooks": [],
          "afterHooks": [],
          "tests": [
            {
              "title": "should register a new user successfully",
              "fullTitle": "Test Case A: AddProduct and checkout  should register a new user successfully",
              "timedOut": null,
              "duration": 36127,
              "state": "failed",
              "speed": null,
              "pass": false,
              "fail": true,
              "pending": false,
              "context": "{\n  \"title\": \"cypress-mochawesome-reporter-screenshots\",\n  \"value\": [\n    [\n      \"/ProductPage.cy.js/Test Case A AddProduct and checkout -- should register a new user successfully (failed).png\"\n    ]\n  ]\n}",
              "code": "cy.visit('https://magento.softwaretestingboard.com/');\nloginPage.clickonsignInButton();\ncy.wait(5000);\nloginPage.enterEmail(_registerData.default.email);\nloginPage.enterPassword(_registerData.default.password);\nloginPage.clickLoginButton();\nproductPage.clickOnGear();\nproductPage.mouseHoverOnProduct();\nproductPage.clickOnProduct();\nproductPage.clickOnAddToCart();\ncy.wait(2000);\nproductPage.addToCart();\ncy.wait(2000);\nproductPage.checkProductInCart();\ncy.wait(2000);\nproductPage.proceedToCheckout();\ncy.wait(3000);\nproductPage.enterstreetAdress();\ncy.wait(3000);\nproductPage.clicknextButton();\ncy.wait(3000);\n// cy.fixture('users').then((user) => {\n// loginPage.enterEmail(user.email);\n//   loginPage.enterPassword(user.password);\n//   loginPage.clickLogin();\n// productPage.enterShippingDetails(user);\n// cy.url().should('include', 'customer/account/create');\n// cy.get('h1').should('contain', 'Create New Customer Account'); // Adjust this assertion as per the actual UI\n// cy.get('h1').should('be.visible');\n// registerPage.enterFirstName(testData.firstName);\n// registerPage.enterLastName(testData.lastName);\n// registerPage.enterEmail(testData.email);\n// registerPage.enterPassword(testData.password);\n// registerPage.enterConfirmPassword(testData.password);\n// registerPage.clickRegisterButton();\n// // Validate that the registration was successful\n// cy.contains('Thank you for registering with Main Website Store.');\n// // Validate that the user is logged in\n// cy.url().should('include', '/customer/account/');\n// cy.get(\"div[class='panel header'] button[type='button']\").click();\n// cy.get$(\"div[aria-hidden='false'] li[data-label='or'] a\").contains('Sign Out').click();\n// // Validate that the user is logged out\n// });",
              "err": {
                "message": "CypressError: Timed out retrying after 4000ms: `cy.type()` failed because this element is not visible:\n\n`<input class=\"input-text\" type=\"text\" data-bind=\"\n    value: value,\n    valueUpdate: 'keyup',\n    hasFocus: focused,\n    attr: {\n        name: inputName,\n        placeholder: placeholder,\n        'aria-describedby': getDescriptionId(),\n        'aria-required': required,\n        'aria-invalid': error() ? true : 'false',\n        id: uid,\n        disabled: disabled\n    }\" name=\"street[0]\" aria-required=\"true\" aria-invalid=\"false\" id=\"GIAJQN5\">`\n\nThis element `<input#GIAJQN5.input-text>` is not visible because its parent `<div#opc-new-shipping-address>` has CSS property: `display: none`\n\nFix this problem, or use `{force: true}` to disable error checking.\n\nhttps://on.cypress.io/element-cannot-be-interacted-with",
                "estack": "CypressError: Timed out retrying after 4000ms: `cy.type()` failed because this element is not visible:\n\n`<input class=\"input-text\" type=\"text\" data-bind=\"\n    value: value,\n    valueUpdate: 'keyup',\n    hasFocus: focused,\n    attr: {\n        name: inputName,\n        placeholder: placeholder,\n        'aria-describedby': getDescriptionId(),\n        'aria-required': required,\n        'aria-invalid': error() ? true : 'false',\n        id: uid,\n        disabled: disabled\n    }\" name=\"street[0]\" aria-required=\"true\" aria-invalid=\"false\" id=\"GIAJQN5\">`\n\nThis element `<input#GIAJQN5.input-text>` is not visible because its parent `<div#opc-new-shipping-address>` has CSS property: `display: none`\n\nFix this problem, or use `{force: true}` to disable error checking.\n\nhttps://on.cypress.io/element-cannot-be-interacted-with\n    at runVisibilityCheck (https://magento.softwaretestingboard.com/__cypress/runner/cypress_runner.js:147004:58)\n    at Object.isStrictlyVisible (https://magento.softwaretestingboard.com/__cypress/runner/cypress_runner.js:147018:10)\n    at runAllChecks (https://magento.softwaretestingboard.com/__cypress/runner/cypress_runner.js:113449:26)\n    at retryActionability (https://magento.softwaretestingboard.com/__cypress/runner/cypress_runner.js:113517:16)\n    at tryCatcher (https://magento.softwaretestingboard.com/__cypress/runner/cypress_runner.js:1777:23)\n    at Promise.attempt.Promise.try (https://magento.softwaretestingboard.com/__cypress/runner/cypress_runner.js:4285:29)\n    at whenStable (https://magento.softwaretestingboard.com/__cypress/runner/cypress_runner.js:145831:68)\n    at <unknown> (https://magento.softwaretestingboard.com/__cypress/runner/cypress_runner.js:145772:14)\n    at tryCatcher (https://magento.softwaretestingboard.com/__cypress/runner/cypress_runner.js:1777:23)\n    at Promise._settlePromiseFromHandler (https://magento.softwaretestingboard.com/__cypress/runner/cypress_runner.js:1489:31)\n    at Promise._settlePromise (https://magento.softwaretestingboard.com/__cypress/runner/cypress_runner.js:1546:18)\n    at Promise._settlePromise0 (https://magento.softwaretestingboard.com/__cypress/runner/cypress_runner.js:1591:10)\n    at Promise._settlePromises (https://magento.softwaretestingboard.com/__cypress/runner/cypress_runner.js:1671:18)\n    at Promise._fulfill (https://magento.softwaretestingboard.com/__cypress/runner/cypress_runner.js:1615:18)\n    at <unknown> (https://magento.softwaretestingboard.com/__cypress/runner/cypress_runner.js:5420:46)",
                "diff": null
              },
              "uuid": "f912d4dd-a974-43d5-827b-04e4f36dcbcd",
              "parentUUID": "7e18bf26-7933-4b19-a7da-c77eec62898f",
              "isHook": false,
              "skipped": false
            }
          ],
          "suites": [],
          "passes": [],
          "failures": [
            "f912d4dd-a974-43d5-827b-04e4f36dcbcd"
          ],
          "pending": [],
          "skipped": [],
          "duration": 36127,
          "root": false,
          "rootEmpty": false,
          "_timeout": 2000
        }
      ],
      "passes": [],
      "failures": [],
      "pending": [],
      "skipped": [],
      "duration": 0,
      "root": true,
      "rootEmpty": true,
      "_timeout": 2000
    }
  ],
  "meta": {
    "mocha": {
      "version": "7.2.0"
    },
    "mochawesome": {
      "options": {
        "quiet": false,
        "reportFilename": "mochawesome",
        "saveHtml": true,
        "saveJson": true,
        "consoleReporter": "spec",
        "useInlineDiffs": false,
        "code": true
      },
      "version": "7.1.3"
    },
    "marge": {
      "options": {
        "reportDir": "cypress/reports",
        "overwrite": false,
        "html": true,
        "json": true
      },
      "version": "6.2.0"
    }
  }
}