{
  "stats": {
    "suites": 1,
    "tests": 1,
    "passes": 0,
    "pending": 0,
    "failures": 1,
    "start": "2025-04-16T21:48:33.629Z",
    "end": "2025-04-16T21:48:33.755Z",
    "duration": 126,
    "testsRegistered": 1,
    "passPercent": 0,
    "pendingPercent": 0,
    "other": 0,
    "hasOther": false,
    "skipped": 0,
    "hasSkipped": false
  },
  "results": [
    {
      "uuid": "e23e9cf2-8fa1-48e1-aecf-648c3186a76b",
      "title": "",
      "fullFile": "cypress/e2e/tests/register.cy.js",
      "file": "cypress/e2e/tests/register.cy.js",
      "beforeHooks": [],
      "afterHooks": [],
      "tests": [],
      "suites": [
        {
          "uuid": "181820ab-e240-4e2d-97de-1da22472b739",
          "title": "Test Case A: Registration Flow with Login Validation",
          "fullFile": "",
          "file": "",
          "beforeHooks": [],
          "afterHooks": [],
          "tests": [
            {
              "title": "should register a new user successfully",
              "fullTitle": "Test Case A: Registration Flow with Login Validation should register a new user successfully",
              "timedOut": null,
              "duration": 109,
              "state": "failed",
              "speed": null,
              "pass": false,
              "fail": true,
              "pending": false,
              "context": "{\n  \"title\": \"cypress-mochawesome-reporter-screenshots\",\n  \"value\": [\n    [\n      \"/register.cy.js/Test Case A Registration Flow with Login Validation -- should register a new user successfully (failed).png\"\n    ]\n  ]\n}",
              "code": "cy.visit('https://magento.softwaretestingboard.com/');\nregisterPage.clickOnCreateAnAccount();\n// Validate that the registration page is displayed\ncy.url().should('include', 'customer/account/create');\ncy.get('h1').should('contain', 'Create New Customer Account'); // Adjust this assertion as per the actual UI\ncy.get('h1').should('be.visible');\nregisterPage.enterFirstName(_registerData.default.firstName);\nregisterPage.enterLastName(_registerData.default.lastName);\nregisterPage.enterEmail(_registerData.default.email);\nregisterPage.enterPassword(_registerData.default.password);\nregisterPage.enterConfirmPassword(_registerData.default.password);\nregisterPage.clickRegisterButton();\n// Validate that the registration was successful\ncy.contains('Thank you for registering with Main Website Store.');\n// Validate that the user is logged in\ncy.url().should('include', '/customer/account/');\ncy.get(\"div[class='panel header'] button[type='button']\").click();\ncy.get(\"div[aria-hidden='false'] li[data-label='or'] a\").contains('Sign Out').click();\n// Validate that the user is logged out",
              "err": {
                "message": "ReferenceError: firstName is not defined",
                "estack": "ReferenceError: firstName is not defined\n    at RegisterPage.clickRegisterButton (webpack://cypress-automation-tests/./cypress/pages/registerPage.js:37:51)\n    at Context.eval (webpack://cypress-automation-tests/./cypress/e2e/tests/register.cy.js:21:17)\n    at runnable.fn (https://magento.softwaretestingboard.com/__cypress/runner/cypress_runner.js:140425:19)\n    at callFn (https://magento.softwaretestingboard.com/__cypress/runner/cypress_runner.js:159503:21)\n    at Runnable.run (https://magento.softwaretestingboard.com/__cypress/runner/cypress_runner.js:159490:7)\n    at <unknown> (https://magento.softwaretestingboard.com/__cypress/runner/cypress_runner.js:165562:30)\n    at PassThroughHandlerContext.finallyHandler (https://magento.softwaretestingboard.com/__cypress/runner/cypress_runner.js:4042:23)\n    at PassThroughHandlerContext.tryCatcher (https://magento.softwaretestingboard.com/__cypress/runner/cypress_runner.js:1777:23)\n    at Promise._settlePromiseFromHandler (https://magento.softwaretestingboard.com/__cypress/runner/cypress_runner.js:1489:31)",
                "diff": null
              },
              "uuid": "35df0d94-29e7-4e6a-894c-d41aa82c63d1",
              "parentUUID": "181820ab-e240-4e2d-97de-1da22472b739",
              "isHook": false,
              "skipped": false
            }
          ],
          "suites": [],
          "passes": [],
          "failures": [
            "35df0d94-29e7-4e6a-894c-d41aa82c63d1"
          ],
          "pending": [],
          "skipped": [],
          "duration": 109,
          "root": false,
          "rootEmpty": false,
          "_timeout": 2000
        }
      ],
      "passes": [],
      "failures": [],
      "pending": [],
      "skipped": [],
      "duration": 0,
      "root": true,
      "rootEmpty": true,
      "_timeout": 2000
    }
  ],
  "meta": {
    "mocha": {
      "version": "7.2.0"
    },
    "mochawesome": {
      "options": {
        "quiet": false,
        "reportFilename": "mochawesome",
        "saveHtml": true,
        "saveJson": true,
        "consoleReporter": "spec",
        "useInlineDiffs": false,
        "code": true
      },
      "version": "7.1.3"
    },
    "marge": {
      "options": {
        "reportDir": "cypress/reports",
        "overwrite": false,
        "html": true,
        "json": true
      },
      "version": "6.2.0"
    }
  }
}