{
  "stats": {
    "suites": 1,
    "tests": 1,
    "passes": 1,
    "pending": 0,
    "failures": 0,
    "start": "2025-04-16T22:02:02.958Z",
    "end": "2025-04-16T22:02:08.933Z",
    "duration": 5975,
    "testsRegistered": 1,
    "passPercent": 100,
    "pendingPercent": 0,
    "other": 0,
    "hasOther": false,
    "skipped": 0,
    "hasSkipped": false
  },
  "results": [
    {
      "uuid": "b1f50618-3bb3-48d0-bc29-c150f048994b",
      "title": "",
      "fullFile": "cypress/e2e/tests/HomePage.cy.js",
      "file": "cypress/e2e/tests/HomePage.cy.js",
      "beforeHooks": [],
      "afterHooks": [],
      "tests": [],
      "suites": [
        {
          "uuid": "7e2d688d-a4d6-44f3-9f9e-f0b91df5e9c2",
          "title": "Test Case B :Sign In",
          "fullFile": "",
          "file": "",
          "beforeHooks": [],
          "afterHooks": [],
          "tests": [
            {
              "title": "should register a new user successfully",
              "fullTitle": "Test Case B :Sign In should register a new user successfully",
              "timedOut": null,
              "duration": 5949,
              "state": "passed",
              "speed": "medium",
              "pass": true,
              "fail": false,
              "pending": false,
              "context": null,
              "code": "cy.visit('https://magento.softwaretestingboard.com/');\nhomePage.clickonsignInButton();\n// Validate that the login page is displayed\ncy.url().should('include', 'customer/account/login');\ncy.get('h1').should('contain', 'Customer Login'); // Adjust this assertion as per the actual UI\ncy.get('h1').should('be.visible');\n//  cy.contains('a', 'Sign In').click();  // Simple and reliable if text is unique\n// HomePage.SignIn.clickonsignInButton();",
              "err": {},
              "uuid": "d094d285-14a7-4a2e-9b31-74cf54f59ed3",
              "parentUUID": "7e2d688d-a4d6-44f3-9f9e-f0b91df5e9c2",
              "isHook": false,
              "skipped": false
            }
          ],
          "suites": [],
          "passes": [
            "d094d285-14a7-4a2e-9b31-74cf54f59ed3"
          ],
          "failures": [],
          "pending": [],
          "skipped": [],
          "duration": 5949,
          "root": false,
          "rootEmpty": false,
          "_timeout": 2000
        }
      ],
      "passes": [],
      "failures": [],
      "pending": [],
      "skipped": [],
      "duration": 0,
      "root": true,
      "rootEmpty": true,
      "_timeout": 2000
    }
  ],
  "meta": {
    "mocha": {
      "version": "7.2.0"
    },
    "mochawesome": {
      "options": {
        "quiet": false,
        "reportFilename": "mochawesome",
        "saveHtml": true,
        "saveJson": true,
        "consoleReporter": "spec",
        "useInlineDiffs": false,
        "code": true
      },
      "version": "7.1.3"
    },
    "marge": {
      "options": {
        "reportDir": "cypress/reports",
        "overwrite": false,
        "html": true,
        "json": true
      },
      "version": "6.2.0"
    }
  }
}