{
  "stats": {
    "suites": 1,
    "tests": 1,
    "passes": 0,
    "pending": 0,
    "failures": 1,
    "start": "2025-04-16T22:02:55.314Z",
    "end": "2025-04-16T22:03:14.157Z",
    "duration": 18843,
    "testsRegistered": 1,
    "passPercent": 0,
    "pendingPercent": 0,
    "other": 0,
    "hasOther": false,
    "skipped": 0,
    "hasSkipped": false
  },
  "results": [
    {
      "uuid": "d1eaa180-8c13-40ec-9576-02b3c9891efe",
      "title": "",
      "fullFile": "cypress/e2e/tests/register.cy.js",
      "file": "cypress/e2e/tests/register.cy.js",
      "beforeHooks": [],
      "afterHooks": [],
      "tests": [],
      "suites": [
        {
          "uuid": "7e5d9614-03c9-4b39-b7a2-7326d8979e00",
          "title": "Test Case A: Registration Flow with Login Validation",
          "fullFile": "",
          "file": "",
          "beforeHooks": [],
          "afterHooks": [],
          "tests": [
            {
              "title": "should register a new user successfully",
              "fullTitle": "Test Case A: Registration Flow with Login Validation should register a new user successfully",
              "timedOut": null,
              "duration": 18818,
              "state": "failed",
              "speed": null,
              "pass": false,
              "fail": true,
              "pending": false,
              "context": "{\n  \"title\": \"cypress-mochawesome-reporter-screenshots\",\n  \"value\": [\n    [\n      \"/register.cy.js/Test Case A Registration Flow with Login Validation -- should register a new user successfully (failed).png\"\n    ]\n  ]\n}",
              "code": "cy.visit('https://magento.softwaretestingboard.com/');\nregisterPage.clickOnCreateAnAccount();\n// Validate that the registration page is displayed\ncy.url().should('include', 'customer/account/create');\ncy.get('h1').should('contain', 'Create New Customer Account'); // Adjust this assertion as per the actual UI\ncy.get('h1').should('be.visible');\nregisterPage.enterFirstName(_registerData.default.firstName);\nregisterPage.enterLastName(_registerData.default.lastName);\nregisterPage.enterEmail(_registerData.default.email);\nregisterPage.enterPassword(_registerData.default.password);\nregisterPage.enterConfirmPassword(_registerData.default.password);\nregisterPage.clickRegisterButton();\n// Validate that the registration was successful\n// cy.contains('Thank you for registering with Main Website Store.');\n// Validate that the user is logged in\ncy.wait(5000);\ncy.url().should('include', '/customer/account/');\ncy.get(\"button[title='Create an Account']\").click();\ncy.get(\"div[aria-hidden='false'] li[data-label='or'] a\").contains('Sign Out').click();\n// Validate that the user is logged out",
              "err": {
                "message": "AssertionError: Timed out retrying after 4000ms: Expected to find element: `div[aria-hidden='false'] li[data-label='or'] a`, but never found it.",
                "estack": "AssertionError: Timed out retrying after 4000ms: Expected to find element: `div[aria-hidden='false'] li[data-label='or'] a`, but never found it.\n    at Context.eval (webpack://cypress-automation-tests/./cypress/e2e/tests/register.cy.js:33:7)",
                "diff": null
              },
              "uuid": "70007cf0-f6f5-479a-bab9-774ac8167446",
              "parentUUID": "7e5d9614-03c9-4b39-b7a2-7326d8979e00",
              "isHook": false,
              "skipped": false
            }
          ],
          "suites": [],
          "passes": [],
          "failures": [
            "70007cf0-f6f5-479a-bab9-774ac8167446"
          ],
          "pending": [],
          "skipped": [],
          "duration": 18818,
          "root": false,
          "rootEmpty": false,
          "_timeout": 2000
        }
      ],
      "passes": [],
      "failures": [],
      "pending": [],
      "skipped": [],
      "duration": 0,
      "root": true,
      "rootEmpty": true,
      "_timeout": 2000
    }
  ],
  "meta": {
    "mocha": {
      "version": "7.2.0"
    },
    "mochawesome": {
      "options": {
        "quiet": false,
        "reportFilename": "mochawesome",
        "saveHtml": true,
        "saveJson": true,
        "consoleReporter": "spec",
        "useInlineDiffs": false,
        "code": true
      },
      "version": "7.1.3"
    },
    "marge": {
      "options": {
        "reportDir": "cypress/reports",
        "overwrite": false,
        "html": true,
        "json": true
      },
      "version": "6.2.0"
    }
  }
}